<?xml version="1.0" encoding="UTF-8"?>
<!-- Generated by org.testng.reporters.JUnitReportReporter -->
<testsuite hostname="AYO-IN-LAP-0171-MP29FXD1" failures="0" tests="2" name="cucumberOptions.TestNGRunner" time="0.037" errors="0" timestamp="2025-04-03T21:38:04 IST" skipped="0">
  <testcase classname="cucumberOptions.TestNGRunner" name="runScenario" time="0.002"/>
  <testcase classname="cucumberOptions.TestNGRunner" name="runScenario" time="0.035"/>
</testsuite> <!-- cucumberOptions.TestNGRunner -->
