<?xml version="1.0" encoding="UTF-8"?>
<!-- Generated by org.testng.reporters.JUnitReportReporter -->
<testsuite hostname="AYO-IN-LAP-0171-MP29FXD1" failures="0" tests="3" name="cucumberOptions.TestNGRunner" time="0.101" errors="0" timestamp="2025-04-05T17:58:17 IST" skipped="0">
  <testcase classname="cucumberOptions.TestNGRunner" name="runScenario" time="0.011"/>
  <testcase classname="cucumberOptions.TestNGRunner" name="runScenario" time="0.024"/>
  <testcase classname="cucumberOptions.TestNGRunner" name="runScenario" time="0.066"/>
</testsuite> <!-- cucumberOptions.TestNGRunner -->
